<?xml version="1.0" encoding="UTF-8"?>
<!-- Generated by org.testng.reporters.JUnitReportReporter -->
<testsuite hostname="Mac.Dlink" failures="0" tests="1" name="TestRunner.CucumberTestRunner" time="5.813" errors="0" timestamp="2024-12-03T13:12:10 IST" skipped="0">
  <testcase classname="TestRunner.CucumberTestRunner" name="runScenario" time="5.813"/>
</testsuite> <!-- TestRunner.CucumberTestRunner -->
