<?xml version="1.0" encoding="UTF-8"?>
<!-- Generated by org.testng.reporters.JUnitReportReporter -->
<testsuite hostname="Mac.Dlink" failures="0" tests="1" name="TestRunner.CucumberTestRunner" time="7.830" errors="0" timestamp="2024-11-28T22:02:24 IST" skipped="0">
  <testcase classname="TestRunner.CucumberTestRunner" name="runScenario" time="7.830"/>
</testsuite> <!-- TestRunner.CucumberTestRunner -->
